IMLib/build/outputs/logs/manifest-merger-debug-report.txt
-- Merging decision tree log ---
manifest
ADDED from UserClient\IMLib\AndroidManifest.xml:1:1-72:12
INJECTED from UserClient\IMLib\AndroidManifest.xml:1:1-72:12
INJECTED from UserClient\IMLib\AndroidManifest.xml:1:1-72:12
INJECTED from UserClient\IMLib\AndroidManifest.xml:1:1-72:12
INJECTED from UserClient\IMLib\AndroidManifest.xml:1:1-72:12
INJECTED from UserClient\IMLib\AndroidManifest.xml:1:1-72:12
INJECTED from UserClient\IMLib\AndroidManifest.xml:1:1-72:12
	package
		ADDED from UserClient\IMLib\AndroidManifest.xml:2:5-28
		INJECTED from UserClient\IMLib\AndroidManifest.xml
		INJECTED from UserClient\IMLib\AndroidManifest.xml
	android:versionName
		INJECTED from UserClient\IMLib\AndroidManifest.xml
		ADDED from UserClient\IMLib\AndroidManifest.xml:1:1-72:12
		INJECTED from UserClient\IMLib\AndroidManifest.xml
	android:versionCode
		INJECTED from UserClient\IMLib\AndroidManifest.xml
		ADDED from UserClient\IMLib\AndroidManifest.xml:1:1-72:12
		INJECTED from UserClient\IMLib\AndroidManifest.xml
	xmlns:android
		ADDED from UserClient\IMLib\AndroidManifest.xml:1:11-69
uses-permission#android.permission.WRITE_EXTERNAL_STORAGE
ADDED from UserClient\IMLib\AndroidManifest.xml:5:5-81
	android:name
		ADDED from UserClient\IMLib\AndroidManifest.xml:5:22-78
uses-permission#android.permission.INTERNET
ADDED from UserClient\IMLib\AndroidManifest.xml:7:5-67
	android:name
		ADDED from UserClient\IMLib\AndroidManifest.xml:7:22-64
uses-permission#android.permission.ACCESS_NETWORK_STATE
ADDED from UserClient\IMLib\AndroidManifest.xml:8:5-79
	android:name
		ADDED from UserClient\IMLib\AndroidManifest.xml:8:22-76
uses-permission#android.permission.ACCESS_WIFI_STATE
ADDED from UserClient\IMLib\AndroidManifest.xml:9:5-76
	android:name
		ADDED from UserClient\IMLib\AndroidManifest.xml:9:22-73
uses-permission#android.permission.WAKE_LOCK
ADDED from UserClient\IMLib\AndroidManifest.xml:11:5-68
	android:name
		ADDED from UserClient\IMLib\AndroidManifest.xml:11:22-65
uses-permission#android.permission.ACCESS_FINE_LOCATION
ADDED from UserClient\IMLib\AndroidManifest.xml:13:5-79
	android:name
		ADDED from UserClient\IMLib\AndroidManifest.xml:13:22-76
application
ADDED from UserClient\IMLib\AndroidManifest.xml:15:5-70:19
meta-data#RONG_CLOUD_APP_KEY
ADDED from UserClient\IMLib\AndroidManifest.xml:24:9-26:41
	android:value
		ADDED from UserClient\IMLib\AndroidManifest.xml:26:9-38
	android:name
		ADDED from UserClient\IMLib\AndroidManifest.xml:25:9-42
service#io.rong.imlib.ipc.RongService
ADDED from UserClient\IMLib\AndroidManifest.xml:28:9-31:38
	android:process
		ADDED from UserClient\IMLib\AndroidManifest.xml:31:13-35
	android:exported
		ADDED from UserClient\IMLib\AndroidManifest.xml:30:13-36
	android:name
		ADDED from UserClient\IMLib\AndroidManifest.xml:29:13-57
receiver#io.rong.imlib.ConnectChangeReceiver
ADDED from UserClient\IMLib\AndroidManifest.xml:33:9-35:39
	android:exported
		ADDED from UserClient\IMLib\AndroidManifest.xml:35:13-36
	android:name
		ADDED from UserClient\IMLib\AndroidManifest.xml:34:13-63
receiver#io.rong.imlib.HeartbeatReceiver
ADDED from UserClient\IMLib\AndroidManifest.xml:37:9-39:38
	android:process
		ADDED from UserClient\IMLib\AndroidManifest.xml:39:13-35
	android:name
		ADDED from UserClient\IMLib\AndroidManifest.xml:38:13-59
service#io.rong.push.rongpush.PushService
ADDED from UserClient\IMLib\AndroidManifest.xml:43:9-47:46
	android:process
		ADDED from UserClient\IMLib\AndroidManifest.xml:47:13-43
	android:exported
		ADDED from UserClient\IMLib\AndroidManifest.xml:45:13-36
	android:permission
		ADDED from UserClient\IMLib\AndroidManifest.xml:46:13-69
	android:name
		ADDED from UserClient\IMLib\AndroidManifest.xml:44:13-61
receiver#io.rong.push.rongpush.PushReceiver
ADDED from UserClient\IMLib\AndroidManifest.xml:50:9-65:20
	android:process
		ADDED from UserClient\IMLib\AndroidManifest.xml:52:13-43
	android:name
		ADDED from UserClient\IMLib\AndroidManifest.xml:51:13-62
intent-filter#android.net.conn.CONNECTIVITY_CHANGE+io.rong.push.intent.action.HEART_BEAT
ADDED from UserClient\IMLib\AndroidManifest.xml:54:13-57:29
action#io.rong.push.intent.action.HEART_BEAT
ADDED from UserClient\IMLib\AndroidManifest.xml:55:17-80
	android:name
		ADDED from UserClient\IMLib\AndroidManifest.xml:55:25-77
action#android.net.conn.CONNECTIVITY_CHANGE
ADDED from UserClient\IMLib\AndroidManifest.xml:56:17-79
	android:name
		ADDED from UserClient\IMLib\AndroidManifest.xml:56:25-76
intent-filter#android.intent.action.ACTION_POWER_CONNECTED+android.intent.action.ACTION_POWER_DISCONNECTED+android.intent.action.USER_PRESENT
ADDED from UserClient\IMLib\AndroidManifest.xml:60:13-64:29
action#android.intent.action.USER_PRESENT
ADDED from UserClient\IMLib\AndroidManifest.xml:61:17-77
	android:name
		ADDED from UserClient\IMLib\AndroidManifest.xml:61:25-74
action#android.intent.action.ACTION_POWER_CONNECTED
ADDED from UserClient\IMLib\AndroidManifest.xml:62:17-87
	android:name
		ADDED from UserClient\IMLib\AndroidManifest.xml:62:25-84
action#android.intent.action.ACTION_POWER_DISCONNECTED
ADDED from UserClient\IMLib\AndroidManifest.xml:63:17-90
	android:name
		ADDED from UserClient\IMLib\AndroidManifest.xml:63:25-87
uses-sdk
INJECTED from UserClient\IMLib\AndroidManifest.xml reason: use-sdk injection requested
INJECTED from UserClient\IMLib\AndroidManifest.xml
INJECTED from UserClient\IMLib\AndroidManifest.xml
INJECTED from UserClient\IMLib\AndroidManifest.xml
INJECTED from UserClient\IMLib\AndroidManifest.xml
	android:targetSdkVersion
		INJECTED from UserClient\IMLib\AndroidManifest.xml
		ADDED from UserClient\IMLib\AndroidManifest.xml
		INJECTED from UserClient\IMLib\AndroidManifest.xml
	android:minSdkVersion
		INJECTED from UserClient\IMLib\AndroidManifest.xml
		ADDED from UserClient\IMLib\AndroidManifest.xml
		INJECTED from UserClient\IMLib\AndroidManifest.xml